
Stack: [0x0000000009e30000,0x0000000009f30000]

Current CompileTask:
C2:    214   10             sun.net.www.ParseUtil::encodePath (336 bytes)


---------------  P R O C E S S  ---------------

Java Threads: ( => current thread )
  0x00000000087d4800 JavaThread "Service Thread" daemon [_thread_blocked, id=9272, stack(0x0000000009f30000,0x000000000a030000)]
=>0x00000000087c5000 JavaThread "C2 CompilerThread1" daemon [_thread_in_native, id=5016, stack(0x0000000009e30000,0x0000000009f30000)]
  0x00000000087c3000 JavaThread "C2 CompilerThread0" daemon [_thread_blocked, id=10340, stack(0x0000000009d30000,0x0000000009e30000)]
  0x00000000087c2000 JavaThread "Attach Listener" daemon [_thread_blocked, id=12060, stack(0x0000000009c30000,0x0000000009d30000)]
  0x00000000087bf000 JavaThread "Signal Dispatcher" daemon [_thread_blocked, id=3888, stack(0x0000000009b30000,0x0000000009c30000)]
  0x000000000878d800 JavaThread "Finalizer" daemon [_thread_blocked, id=11452, stack(0x0000000009a30000,0x0000000009b30000)]
  0x0000000008782000 JavaThread "Reference Handler" daemon [_thread_blocked, id=12280, stack(0x0000000009930000,0x0000000009a30000)]
  0x0000000002830800 JavaThread "main" [_thread_in_vm, id=10812, stack(0x0000000002670000,0x0000000002770000)]

Other Threads:
  0x0000000008780000 VMThread [stack: 0x0000000009830000,0x0000000009930000] [id=8828]
  0x00000000087f0000 WatcherThread [stack: 0x000000000a030000,0x000000000a130000] [id=8444]

VM state:not at safepoint (normal execution)

VM Mutex/Monitor currently owned by a thread: None

Heap
 PSYoungGen      total 38400K, used 5355K [0x00000000eaa80000, 0x00000000ed500000, 0x0000000100000000)
  eden space 33280K, 16% used [0x00000000eaa80000,0x00000000eafbaf60,0x00000000ecb00000)
  from space 5120K, 0% used [0x00000000ed000000,0x00000000ed000000,0x00000000ed500000)
  to   space 5120K, 0% used [0x00000000ecb00000,0x00000000ecb00000,0x00000000ed000000)
 ParOldGen       total 86528K, used 0K [0x00000000c0000000, 0x00000000c5480000, 0x00000000eaa80000)
  object space 86528K, 0% used [0x00000000c0000000,0x00000000c0000000,0x00000000c5480000)
 PSPermGen       total 21504K, used 4132K [0x00000000bae00000, 0x00000000bc300000, 0x00000000c0000000)
  object space 21504K, 19% used [0x00000000bae00000,0x00000000bb209288,0x00000000bc300000)

Card table byte_map: [0x00000000059f0000,0x0000000005c20000] byte_map_base: 0x0000000005419000

Polling page: 0x0000000000dd0000

Code Cache  [0x0000000002930000, 0x0000000002ba0000, 0x0000000005930000)
 total_blobs=214 nmethods=10 adapters=157 free_code_cache=48746Kb largest_free_block=49901056

Compilation events (10 events):
Event: 0.147 Thread 0x00000000087c5000 nmethod 6 0x0000000002994d90 code [0x0000000002994ee0, 0x0000000002995338]
Event: 0.173 Thread 0x00000000087c3000    7             java.lang.String::equals (81 bytes)
Event: 0.176 Thread 0x00000000087c5000    8             java.lang.String::startsWith (72 bytes)
Event: 0.177 Thread 0x00000000087c3000 nmethod 7 0x0000000002994890 code [0x00000000029949e0, 0x0000000002994c18]
Event: 0.179 Thread 0x00000000087c5000 nmethod 8 0x0000000002994490 code [0x00000000029945e0, 0x0000000002994778]
Event: 0.188 Thread 0x00000000087c3000    9             java.lang.Object::<init> (1 bytes)
Event: 0.189 Thread 0x00000000087c3000 nmethod 9 0x0000000002996350 code [0x0000000002996480, 0x00000000029964f8]
Event: 0.203 Thread 0x00000000087c5000   10             sun.net.www.ParseUtil::encodePath (336 bytes)
Event: 0.204 Thread 0x00000000087c3000   11             java.lang.String::charAt (29 bytes)
Event: 0.205 Thread 0x00000000087c3000 nmethod 11 0x00000000029960d0 code [0x0000000002996200, 0x0000000002996298]

GC Heap History (0 events):
No events

Deoptimization events (0 events):
No events

Internal exceptions (10 events):
Event: 0.205 Thread 0x0000000002830800 Threw 0x00000000eaed2260 at C:\re\jdk7u51\527\hotspot\src\share\vm\prims\jvm.cpp:1244
Event: 0.206 Thread 0x0000000002830800 Threw 0x00000000eaed5890 at C:\re\jdk7u51\527\hotspot\src\share\vm\prims\jvm.cpp:1244
Event: 0.206 Thread 0x0000000002830800 Threw 0x00000000eaed7978 at C:\re\jdk7u51\527\hotspot\src\share\vm\prims\jvm.cpp:1244
Event: 0.207 Thread 0x0000000002830800 Threw 0x00000000eaeda1b8 at C:\re\jdk7u51\527\hotspot\src\share\vm\prims\jvm.cpp:1244
Event: 0.207 Thread 0x0000000002830800 Threw 0x00000000eaedf900 at C:\re\jdk7u51\527\hotspot\src\share\vm\prims\jvm.cpp:1244
Event: 0.208 Thread 0x0000000002830800 Threw 0x00000000eaee1dd8 at C:\re\jdk7u51\527\hotspot\src\share\vm\prims\jvm.cpp:1244
Event: 0.208 Thread 0x0000000002830800 Threw 0x00000000eaeea7e0 at C:\re\jdk7u51\527\hotspot\src\share\vm\prims\jvm.cpp:1244
Event: 0.209 Thread 0x0000000002830800 Threw 0x00000000eaeed668 at C:\re\jdk7u51\527\hotspot\src\share\vm\prims\jvm.cpp:1244
Event: 0.209 Thread 0x0000000002830800 Threw 0x00000000eaef03d8 at C:\re\jdk7u51\527\hotspot\src\share\vm\prims\jvm.cpp:1244
Event: 0.210 Thread 0x0000000002830800 Threw 0x00000000eaef8e78 at C:\re\jdk7u51\527\hotspot\src\share\vm\prims\jvm.cpp:1244

Events (10 events):
Event: 0.208 loading class 0x000000000a2a5750
Event: 0.208 loading class 0x000000000a2a5750 done
Event: 0.208 loading class 0x000000000a219e90
Event: 0.208 loading class 0x000000000a219e90 done
Event: 0.209 loading class 0x000000000a250f60
Event: 0.209 loading class 0x000000000a250f60 done
Event: 0.209 loading class 0x000000000a2164f0
Event: 0.209 loading class 0x000000000a2164f0 done
Event: 0.210 loading class 0x000000000a219a90
Event: 0.210 loading class 0x000000000a219a90 done


Dynamic libraries:
0x00007ff691db0000 - 0x00007ff691de3000 	C:\Program Files\Java\jdk1.7.0_51\bin\java.exe
0x00007ffb0a630000 - 0x00007ffb0a7dd000 	C:\windows\SYSTEM32\ntdll.dll
0x00007ffb085c0000 - 0x00007ffb086fe000 	C:\windows\system32\KERNEL32.DLL
0x00007ffb07b90000 - 0x00007ffb07ca5000 	C:\windows\system32\KERNELBASE.dll
0x00007ffb06170000 - 0x00007ffb061fe000 	C:\windows\system32\apphelp.dll
0x00007ffafdb90000 - 0x00007ffafdbe3000 	C:\windows\AppPatch\AppPatch64\AcGenral.DLL
0x00007ffb08060000 - 0x00007ffb0810a000 	C:\windows\system32\msvcrt.dll
0x00007ffb07620000 - 0x00007ffb0764e000 	C:\windows\SYSTEM32\SspiCli.dll
0x00007ffb08220000 - 0x00007ffb08274000 	C:\windows\system32\SHLWAPI.dll
0x00007ffb08eb0000 - 0x00007ffb09027000 	C:\windows\system32\USER32.dll
0x00007ffb083a0000 - 0x00007ffb08534000 	C:\windows\system32\ole32.dll
0x00007ffb09100000 - 0x00007ffb0a62a000 	C:\windows\system32\SHELL32.dll
0x00007ffb06d70000 - 0x00007ffb06d91000 	C:\windows\SYSTEM32\USERENV.dll
0x00007ffb08110000 - 0x00007ffb081ba000 	C:\windows\system32\ADVAPI32.dll
0x00007ffaf8ff0000 - 0x00007ffaf900e000 	C:\windows\SYSTEM32\MPR.dll
0x00007ffb07cb0000 - 0x00007ffb07df1000 	C:\windows\system32\RPCRT4.dll
0x00007ffb081c0000 - 0x00007ffb08219000 	C:\windows\SYSTEM32\sechost.dll
0x00007ffb07e40000 - 0x00007ffb08051000 	C:\windows\SYSTEM32\combase.dll
0x00007ffb08b10000 - 0x00007ffb08c60000 	C:\windows\system32\GDI32.dll
0x00007ffb07780000 - 0x00007ffb07795000 	C:\windows\SYSTEM32\profapi.dll
0x00007ffb05cc0000 - 0x00007ffb05d72000 	C:\windows\SYSTEM32\SHCORE.dll
0x00007ffb07e00000 - 0x00007ffb07e36000 	C:\windows\system32\IMM32.DLL
0x00007ffb08d50000 - 0x00007ffb08ea2000 	C:\windows\system32\MSCTF.dll
0x00007ffb05020000 - 0x00007ffb0529b000 	C:\windows\WinSxS\amd64_microsoft.windows.common-controls_6595b64144ccf1df_6.0.9600.18006_none_623f33d3ecbe86e8\COMCTL32.dll
0x0000000068720000 - 0x00000000687f2000 	C:\Program Files\Java\jdk1.7.0_51\jre\bin\msvcr100.dll
0x0000000068db0000 - 0x0000000069579000 	C:\Program Files\Java\jdk1.7.0_51\jre\bin\server\jvm.dll
0x00007ffafef80000 - 0x00007ffafef89000 	C:\windows\SYSTEM32\WSOCK32.dll
0x00007ffaf8fa0000 - 0x00007ffaf8fc2000 	C:\windows\SYSTEM32\WINMM.dll
0x00007ffb085a0000 - 0x00007ffb085a7000 	C:\windows\system32\PSAPI.DLL
0x00007ffb08540000 - 0x00007ffb0859a000 	C:\windows\system32\WS2_32.dll
0x00007ffaf8f70000 - 0x00007ffaf8f9a000 	C:\windows\SYSTEM32\WINMMBASE.dll
0x00007ffb08700000 - 0x00007ffb08709000 	C:\windows\system32\NSI.dll
0x00007ffb07850000 - 0x00007ffb0789f000 	C:\windows\SYSTEM32\cfgmgr32.dll
0x00007ffb065a0000 - 0x00007ffb065c8000 	C:\windows\SYSTEM32\DEVOBJ.dll
0x0000000068cc0000 - 0x0000000068ccf000 	C:\Program Files\Java\jdk1.7.0_51\jre\bin\verify.dll
0x0000000068c90000 - 0x0000000068cb8000 	C:\Program Files\Java\jdk1.7.0_51\jre\bin\java.dll
0x0000000068c70000 - 0x0000000068c85000 	C:\Program Files\Java\jdk1.7.0_51\jre\bin\zip.dll

VM Arguments:
jvm_args: -Djava.awt.headless=true -Xmx1024M -Dfile.encoding=windows-1252 -Duser.country=US -Duser.language=en -Duser.variant 
java_command: com.android.dx.command.Main --dex --output C:\Users\Brian\AndroidStudioProjects\WeatherGuardian\app\build\intermediates\pre-dexed\debug\debug_b728f44d6fdfd31c5687e050d6caeb3014ec4c9c.jar C:\Users\Brian\AndroidStudioProjects\WeatherGuardian\app\build\intermediates\classes\debug
Launcher Type: SUN_STANDARD

Environment Variables:
PATH=C:\MinGW\bin;C:\Program Files (x86)\Skype\Phone\;C:\Program Files (x86)\MATLAB\R2015b\bin;C:\windows\system32;C:\iverilog\bin;C:\Program Files (x86)\WugFresh Development\Nexus Root Toolkit\data;C:\Program Files\nodejs\;C:\cygnus\cygwin-b20\H-i586-cygwin32\bin;C:\Users\Brian\AppData\Local\atom\bin;C:\Users\Brian\AppData\Roaming\npm
USERNAME=Brian
OS=Windows_NT
PROCESSOR_IDENTIFIER=Intel64 Family 6 Model 69 Stepping 1, GenuineIntel



---------------  S Y S T E M  ---------------

OS: Windows 8 , 64 bit Build 9200 

CPU:total 4 (2 cores per cpu, 2 threads per core) family 6 model 69 stepping 1, cmov, cx8, fxsr, mmx, sse, sse2, sse3, ssse3, sse4.1, sse4.2, popcnt, avx, avx2, aes, erms, ht, tsc, tscinvbit

Memory: 4k page, physical 8306728k(1032612k free), swap 10833104k(5048k free)

vm_info: Java HotSpot(TM) 64-Bit Server VM (24.51-b03) for windows-amd64 JRE (1.7.0_51-b13), built on Dec 18 2013 18:40:56 by "java_re" with unknown MS VC++:1600

time: Fri Mar 25 21:03:51 2016
elapsed time: 0 seconds

